# JRE version: OpenJDK Runtime Environment Temurin-17.0.13+11 (17.0.13+11) (build 17.0.13+11)
# Java VM: OpenJDK 64-Bit Server VM Temurin-17.0.13+11 (17.0.13+11, mixed mode, tiered, compressed oops, compressed class ptrs, parallel gc, windows-amd64)
GC Precious Log:
 CPUs: 4 total, 4 available
 Memory: 3470M
 Large Page Support: Disabled
 NUMA Support: Disabled
 Compressed Oops: Enabled (32-bit)
 Alignments: Space 512K, Generation 512K, Heap 2M
 Heap Min Capacity: 100M
 Heap Initial Capacity: 100M
 Heap Max Capacity: 1G
 Pre-touch: Disabled
 Parallel Workers: 4
Heap:
 PSYoungGen      total 5120K, used 2927K [0x00000000eab00000, 0x00000000eb280000, 0x0000000100000000)
  eden space 4608K, 55% used [0x00000000eab00000,0x00000000ead83e00,0x00000000eaf80000)
  from space 512K, 68% used [0x00000000eb200000,0x00000000eb258000,0x00000000eb280000)
  to   space 1024K, 0% used [0x00000000eb080000,0x00000000eb080000,0x00000000eb180000)
 ParOldGen       total 170496K, used 135126K [0x00000000c0000000, 0x00000000ca680000, 0x00000000eab00000)
  object space 170496K, 79% used [0x00000000c0000000,0x00000000c83f5a20,0x00000000ca680000)
 Metaspace       used 103899K, committed 105344K, reserved 1179648K
  class space    used 10500K, committed 11136K, reserved 1048576K
GC Heap History (20 events):
Event: 5171.623 GC heap before
{Heap before GC invocations=2703 (full 44):
 PSYoungGen      total 2560K, used 2336K [0x00000000eab00000, 0x00000000eae80000, 0x0000000100000000)
  eden space 2048K, 100% used [0x00000000eab00000,0x00000000ead00000,0x00000000ead00000)
  from space 512K, 56% used [0x00000000ead80000,0x00000000eadc8000,0x00000000eae00000)
  to   space 512K, 0% used [0x00000000ead00000,0x00000000ead00000,0x00000000ead80000)
 ParOldGen       total 178688K, used 176335K [0x00000000c0000000, 0x00000000cae80000, 0x00000000eab00000)
  object space 178688K, 98% used [0x00000000c0000000,0x00000000cac33d50,0x00000000cae80000)
 Metaspace       used 103806K, committed 105280K, reserved 1179648K
  class space    used 10495K, committed 11136K, reserved 1048576K
}
Event: 5171.634 GC heap after
{Heap after GC invocations=2703 (full 44):
 PSYoungGen      total 2560K, used 256K [0x00000000eab00000, 0x00000000eae80000, 0x0000000100000000)
  eden space 2048K, 0% used [0x00000000eab00000,0x00000000eab00000,0x00000000ead00000)
  from space 512K, 50% used [0x00000000ead00000,0x00000000ead40000,0x00000000ead80000)
  to   space 512K, 0% used [0x00000000eae00000,0x00000000eae00000,0x00000000eae80000)
 ParOldGen       total 178688K, used 176535K [0x00000000c0000000, 0x00000000cae80000, 0x00000000eab00000)
  object space 178688K, 98% used [0x00000000c0000000,0x00000000cac65d70,0x00000000cae80000)
 Metaspace       used 103806K, committed 105280K, reserved 1179648K
  class space    used 10495K, committed 11136K, reserved 1048576K
}
Event: 5171.651 GC heap before
{Heap before GC invocations=2704 (full 44):
 PSYoungGen      total 2560K, used 2304K [0x00000000eab00000, 0x00000000eae80000, 0x0000000100000000)
  eden space 2048K, 100% used [0x00000000eab00000,0x00000000ead00000,0x00000000ead00000)
  from space 512K, 50% used [0x00000000ead00000,0x00000000ead40000,0x00000000ead80000)
  to   space 512K, 0% used [0x00000000eae00000,0x00000000eae00000,0x00000000eae80000)
 ParOldGen       total 178688K, used 176535K [0x00000000c0000000, 0x00000000cae80000, 0x00000000eab00000)
  object space 178688K, 98% used [0x00000000c0000000,0x00000000cac65d70,0x00000000cae80000)
 Metaspace       used 103806K, committed 105280K, reserved 1179648K
  class space    used 10495K, committed 11136K, reserved 1048576K
}
Event: 5171.658 GC heap after
{Heap after GC invocations=2704 (full 44):
 PSYoungGen      total 3072K, used 256K [0x00000000eab00000, 0x00000000eae80000, 0x0000000100000000)
  eden space 2560K, 0% used [0x00000000eab00000,0x00000000eab00000,0x00000000ead80000)
  from space 512K, 50% used [0x00000000eae00000,0x00000000eae40000,0x00000000eae80000)
  to   space 512K, 0% used [0x00000000ead80000,0x00000000ead80000,0x00000000eae00000)
 ParOldGen       total 178688K, used 176711K [0x00000000c0000000, 0x00000000cae80000, 0x00000000eab00000)
  object space 178688K, 98% used [0x00000000c0000000,0x00000000cac91d80,0x00000000cae80000)
 Metaspace       used 103806K, committed 105280K, reserved 1179648K
  class space    used 10495K, committed 11136K, reserved 1048576K
}
Event: 5172.386 GC heap before
{Heap before GC invocations=2705 (full 44):
 PSYoungGen      total 3072K, used 2816K [0x00000000eab00000, 0x00000000eae80000, 0x0000000100000000)
  eden space 2560K, 100% used [0x00000000eab00000,0x00000000ead80000,0x00000000ead80000)
  from space 512K, 50% used [0x00000000eae00000,0x00000000eae40000,0x00000000eae80000)
  to   space 512K, 0% used [0x00000000ead80000,0x00000000ead80000,0x00000000eae00000)
 ParOldGen       total 178688K, used 176711K [0x00000000c0000000, 0x00000000cae80000, 0x00000000eab00000)
  object space 178688K, 98% used [0x00000000c0000000,0x00000000cac91d80,0x00000000cae80000)
 Metaspace       used 103818K, committed 105280K, reserved 1179648K
  class space    used 10495K, committed 11136K, reserved 1048576K
}
Event: 5172.393 GC heap after
{Heap after GC invocations=2705 (full 44):
 PSYoungGen      total 3072K, used 500K [0x00000000eab00000, 0x00000000eb000000, 0x0000000100000000)
  eden space 2560K, 0% used [0x00000000eab00000,0x00000000eab00000,0x00000000ead80000)
  from space 512K, 97% used [0x00000000ead80000,0x00000000eadfd1f0,0x00000000eae00000)
  to   space 1024K, 0% used [0x00000000eaf00000,0x00000000eaf00000,0x00000000eb000000)
 ParOldGen       total 178688K, used 176928K [0x00000000c0000000, 0x00000000cae80000, 0x00000000eab00000)
  object space 178688K, 99% used [0x00000000c0000000,0x00000000cacc8318,0x00000000cae80000)
 Metaspace       used 103818K, committed 105280K, reserved 1179648K
  class space    used 10495K, committed 11136K, reserved 1048576K
}
Event: 5172.411 GC heap before
{Heap before GC invocations=2706 (full 44):
 PSYoungGen      total 3072K, used 3060K [0x00000000eab00000, 0x00000000eb000000, 0x0000000100000000)
  eden space 2560K, 100% used [0x00000000eab00000,0x00000000ead80000,0x00000000ead80000)
  from space 512K, 97% used [0x00000000ead80000,0x00000000eadfd1f0,0x00000000eae00000)
  to   space 1024K, 0% used [0x00000000eaf00000,0x00000000eaf00000,0x00000000eb000000)
 ParOldGen       total 178688K, used 176928K [0x00000000c0000000, 0x00000000cae80000, 0x00000000eab00000)
  object space 178688K, 99% used [0x00000000c0000000,0x00000000cacc8318,0x00000000cae80000)
 Metaspace       used 103818K, committed 105280K, reserved 1179648K
  class space    used 10495K, committed 11136K, reserved 1048576K
}
Event: 5172.420 GC heap after
{Heap after GC invocations=2706 (full 44):
 PSYoungGen      total 3584K, used 192K [0x00000000eab00000, 0x00000000eaf80000, 0x0000000100000000)
  eden space 3072K, 0% used [0x00000000eab00000,0x00000000eab00000,0x00000000eae00000)
  from space 512K, 37% used [0x00000000eaf00000,0x00000000eaf30000,0x00000000eaf80000)
  to   space 512K, 0% used [0x00000000eae80000,0x00000000eae80000,0x00000000eaf00000)
 ParOldGen       total 178688K, used 177457K [0x00000000c0000000, 0x00000000cae80000, 0x00000000eab00000)
  object space 178688K, 99% used [0x00000000c0000000,0x00000000cad4c708,0x00000000cae80000)
 Metaspace       used 103818K, committed 105280K, reserved 1179648K
  class space    used 10495K, committed 11136K, reserved 1048576K
}
Event: 5172.840 GC heap before
{Heap before GC invocations=2707 (full 44):
 PSYoungGen      total 3584K, used 3264K [0x00000000eab00000, 0x00000000eaf80000, 0x0000000100000000)
  eden space 3072K, 100% used [0x00000000eab00000,0x00000000eae00000,0x00000000eae00000)
  from space 512K, 37% used [0x00000000eaf00000,0x00000000eaf30000,0x00000000eaf80000)
  to   space 512K, 0% used [0x00000000eae80000,0x00000000eae80000,0x00000000eaf00000)
 ParOldGen       total 178688K, used 177457K [0x00000000c0000000, 0x00000000cae80000, 0x00000000eab00000)
  object space 178688K, 99% used [0x00000000c0000000,0x00000000cad4c708,0x00000000cae80000)
 Metaspace       used 103818K, committed 105280K, reserved 1179648K
  class space    used 10495K, committed 11136K, reserved 1048576K
}
Event: 5172.850 GC heap after
{Heap after GC invocations=2707 (full 44):
 PSYoungGen      total 4096K, used 404K [0x00000000eab00000, 0x00000000eb000000, 0x0000000100000000)
  eden space 3584K, 0% used [0x00000000eab00000,0x00000000eab00000,0x00000000eae80000)
  from space 512K, 79% used [0x00000000eae80000,0x00000000eaee5230,0x00000000eaf00000)
  to   space 512K, 0% used [0x00000000eaf80000,0x00000000eaf80000,0x00000000eb000000)
 ParOldGen       total 178688K, used 177601K [0x00000000c0000000, 0x00000000cae80000, 0x00000000eab00000)
  object space 178688K, 99% used [0x00000000c0000000,0x00000000cad70708,0x00000000cae80000)
 Metaspace       used 103818K, committed 105280K, reserved 1179648K
  class space    used 10495K, committed 11136K, reserved 1048576K
}
Event: 5172.872 GC heap before
{Heap before GC invocations=2708 (full 44):
 PSYoungGen      total 4096K, used 3988K [0x00000000eab00000, 0x00000000eb000000, 0x0000000100000000)
  eden space 3584K, 100% used [0x00000000eab00000,0x00000000eae80000,0x00000000eae80000)
  from space 512K, 79% used [0x00000000eae80000,0x00000000eaee5230,0x00000000eaf00000)
  to   space 512K, 0% used [0x00000000eaf80000,0x00000000eaf80000,0x00000000eb000000)
 ParOldGen       total 178688K, used 177601K [0x00000000c0000000, 0x00000000cae80000, 0x00000000eab00000)
  object space 178688K, 99% used [0x00000000c0000000,0x00000000cad70708,0x00000000cae80000)
 Metaspace       used 103818K, committed 105280K, reserved 1179648K
  class space    used 10495K, committed 11136K, reserved 1048576K
}
Event: 5172.886 GC heap after
{Heap after GC invocations=2708 (full 44):
 PSYoungGen      total 4096K, used 512K [0x00000000eab00000, 0x00000000eb180000, 0x0000000100000000)
  eden space 3584K, 0% used [0x00000000eab00000,0x00000000eab00000,0x00000000eae80000)
  from space 512K, 100% used [0x00000000eaf80000,0x00000000eb000000,0x00000000eb000000)
  to   space 1024K, 0% used [0x00000000eae80000,0x00000000eae80000,0x00000000eaf80000)
 ParOldGen       total 178688K, used 177925K [0x00000000c0000000, 0x00000000cae80000, 0x00000000eab00000)
  object space 178688K, 99% used [0x00000000c0000000,0x00000000cadc1418,0x00000000cae80000)
 Metaspace       used 103818K, committed 105280K, reserved 1179648K
  class space    used 10495K, committed 11136K, reserved 1048576K
}
Event: 5172.932 GC heap before
{Heap before GC invocations=2709 (full 44):
 PSYoungGen      total 4096K, used 4096K [0x00000000eab00000, 0x00000000eb180000, 0x0000000100000000)
  eden space 3584K, 100% used [0x00000000eab00000,0x00000000eae80000,0x00000000eae80000)
  from space 512K, 100% used [0x00000000eaf80000,0x00000000eb000000,0x00000000eb000000)
  to   space 1024K, 0% used [0x00000000eae80000,0x00000000eae80000,0x00000000eaf80000)
 ParOldGen       total 178688K, used 177925K [0x00000000c0000000, 0x00000000cae80000, 0x00000000eab00000)
  object space 178688K, 99% used [0x00000000c0000000,0x00000000cadc1418,0x00000000cae80000)
 Metaspace       used 103818K, committed 105280K, reserved 1179648K
  class space    used 10495K, committed 11136K, reserved 1048576K
}
Event: 5172.955 GC heap after
{Heap after GC invocations=2709 (full 44):
 PSYoungGen      total 4608K, used 352K [0x00000000eab00000, 0x00000000eb180000, 0x0000000100000000)
  eden space 3584K, 0% used [0x00000000eab00000,0x00000000eab00000,0x00000000eae80000)
  from space 1024K, 34% used [0x00000000eae80000,0x00000000eaed8000,0x00000000eaf80000)
  to   space 1024K, 0% used [0x00000000eb080000,0x00000000eb080000,0x00000000eb180000)
 ParOldGen       total 178688K, used 178405K [0x00000000c0000000, 0x00000000cae80000, 0x00000000eab00000)
  object space 178688K, 99% used [0x00000000c0000000,0x00000000cae39458,0x00000000cae80000)
 Metaspace       used 103818K, committed 105280K, reserved 1179648K
  class space    used 10495K, committed 11136K, reserved 1048576K
}
Event: 5173.221 GC heap before
{Heap before GC invocations=2710 (full 45):
 PSYoungGen      total 4608K, used 3936K [0x00000000eab00000, 0x00000000eb180000, 0x0000000100000000)
  eden space 3584K, 100% used [0x00000000eab00000,0x00000000eae80000,0x00000000eae80000)
  from space 1024K, 34% used [0x00000000eae80000,0x00000000eaed8000,0x00000000eaf80000)
  to   space 1024K, 0% used [0x00000000eb080000,0x00000000eb080000,0x00000000eb180000)
 ParOldGen       total 178688K, used 178405K [0x00000000c0000000, 0x00000000cae80000, 0x00000000eab00000)
  object space 178688K, 99% used [0x00000000c0000000,0x00000000cae39458,0x00000000cae80000)
 Metaspace       used 103818K, committed 105280K, reserved 1179648K
  class space    used 10495K, committed 11136K, reserved 1048576K
}
Event: 5176.559 GC heap after
{Heap after GC invocations=2710 (full 45):
 PSYoungGen      total 5632K, used 0K [0x00000000eab00000, 0x00000000eb180000, 0x0000000100000000)
  eden space 4608K, 0% used [0x00000000eab00000,0x00000000eab00000,0x00000000eaf80000)
  from space 1024K, 0% used [0x00000000eb080000,0x00000000eb080000,0x00000000eb180000)
  to   space 1024K, 0% used [0x00000000eaf80000,0x00000000eaf80000,0x00000000eb080000)
 ParOldGen       total 170496K, used 133881K [0x00000000c0000000, 0x00000000ca680000, 0x00000000eab00000)
  object space 170496K, 78% used [0x00000000c0000000,0x00000000c82be5b0,0x00000000ca680000)
 Metaspace       used 103818K, committed 105280K, reserved 1179648K
  class space    used 10495K, committed 11136K, reserved 1048576K
}
Event: 5177.608 GC heap before
{Heap before GC invocations=2711 (full 45):
 PSYoungGen      total 5632K, used 4608K [0x00000000eab00000, 0x00000000eb180000, 0x0000000100000000)
  eden space 4608K, 100% used [0x00000000eab00000,0x00000000eaf80000,0x00000000eaf80000)
  from space 1024K, 0% used [0x00000000eb080000,0x00000000eb080000,0x00000000eb180000)
  to   space 1024K, 0% used [0x00000000eaf80000,0x00000000eaf80000,0x00000000eb080000)
 ParOldGen       total 170496K, used 133881K [0x00000000c0000000, 0x00000000ca680000, 0x00000000eab00000)
  object space 170496K, 78% used [0x00000000c0000000,0x00000000c82be5b0,0x00000000ca680000)
 Metaspace       used 103820K, committed 105280K, reserved 1179648K
  class space    used 10495K, committed 11136K, reserved 1048576K
}
Event: 5177.647 GC heap after
{Heap after GC invocations=2711 (full 45):
 PSYoungGen      total 5632K, used 1024K [0x00000000eab00000, 0x00000000eb380000, 0x0000000100000000)
  eden space 4608K, 0% used [0x00000000eab00000,0x00000000eab00000,0x00000000eaf80000)
  from space 1024K, 100% used [0x00000000eaf80000,0x00000000eb080000,0x00000000eb080000)
  to   space 1536K, 0% used [0x00000000eb200000,0x00000000eb200000,0x00000000eb380000)
 ParOldGen       total 170496K, used 134111K [0x00000000c0000000, 0x00000000ca680000, 0x00000000eab00000)
  object space 170496K, 78% used [0x00000000c0000000,0x00000000c82f7d50,0x00000000ca680000)
 Metaspace       used 103820K, committed 105280K, reserved 1179648K
  class space    used 10495K, committed 11136K, reserved 1048576K
}
Event: 5185.421 GC heap before
{Heap before GC invocations=2712 (full 45):
 PSYoungGen      total 5632K, used 5632K [0x00000000eab00000, 0x00000000eb380000, 0x0000000100000000)
  eden space 4608K, 100% used [0x00000000eab00000,0x00000000eaf80000,0x00000000eaf80000)
  from space 1024K, 100% used [0x00000000eaf80000,0x00000000eb080000,0x00000000eb080000)
  to   space 1536K, 0% used [0x00000000eb200000,0x00000000eb200000,0x00000000eb380000)
 ParOldGen       total 170496K, used 134111K [0x00000000c0000000, 0x00000000ca680000, 0x00000000eab00000)
  object space 170496K, 78% used [0x00000000c0000000,0x00000000c82f7d50,0x00000000ca680000)
 Metaspace       used 103864K, committed 105280K, reserved 1179648K
  class space    used 10500K, committed 11136K, reserved 1048576K
}
Event: 5185.456 GC heap after
{Heap after GC invocations=2712 (full 45):
 PSYoungGen      total 5120K, used 352K [0x00000000eab00000, 0x00000000eb280000, 0x0000000100000000)
  eden space 4608K, 0% used [0x00000000eab00000,0x00000000eab00000,0x00000000eaf80000)
  from space 512K, 68% used [0x00000000eb200000,0x00000000eb258000,0x00000000eb280000)
  to   space 1024K, 0% used [0x00000000eb080000,0x00000000eb080000,0x00000000eb180000)
 ParOldGen       total 170496K, used 135126K [0x00000000c0000000, 0x00000000ca680000, 0x00000000eab00000)
  object space 170496K, 79% used [0x00000000c0000000,0x00000000c83f5a20,0x00000000ca680000)
 Metaspace       used 103864K, committed 105280K, reserved 1179648K
  class space    used 10500K, committed 11136K, reserved 1048576K
}

